XOOXXXOX...X..X....XX.
XOX..XOXX.XXXXXXX.X.X.
XOOX.XOXX.X....XX...X.
XXOOXXOXX.X..X...XXX.X
OOXOXXOOXXXXXXXX.X.XXX
XOOOOOOOOOOOOXXX.....X
XXXOXXOXXXXOOOX.XX....
X.XOOXOXXOXOXOXXXXXX..
OXXXOOOOOOXOOX..XOOXXX
OXXXXOOXXX.XOXX.XOX...
OOXXXXXXOXXXOOXXXOOXX.
XOOXXOOXOOOOOOOXXXOX..
OOOOOOOXXOXXOXOOOOOX..
XXXXXOX.XOXXOOOXXXOXX.
...XXOOXXOX.XXX..XOXXX
.X.XXXOXOOX...X.XXOOOX
XX..XOOXOXXXXXX.XXXXX.
....XXOXOXXOOX...XX.X.
XX...XOOOOOOOX......X.
XXX.XXXXXXXOXXXXXXXX.X
.XX.X...XXXOXXOOOX.XX.
.XX.X.....XOOOOXOOX.XX
...XXX.XX.XOXXX.XOXX.X
.X..XX.X..XX..XXOOOX..
XXX....X...XXX.XOOOXX.
.X.XX.XXX.X..X.XXOX.XX
.XXXX..XX..X.X.XX..X..

138 steps/points
